TN:
SF:client/src/App.tsx
FN:14,(anonymous_0)
FNF:1
FNH:0
FNDA:0,(anonymous_0)
DA:14,0
DA:15,0
LF:2
LH:0
BRF:0
BRH:0
end_of_record
TN:
SF:client/src/pages/DeclarationFormPage.tsx
FN:15,(anonymous_0)
FN:37,(anonymous_1)
FN:46,(anonymous_2)
FN:51,(anonymous_3)
FN:61,(anonymous_4)
FN:62,(anonymous_5)
FN:65,(anonymous_6)
FN:73,(anonymous_7)
FN:88,(anonymous_8)
FN:95,(anonymous_9)
FN:106,(anonymous_10)
FN:107,(anonymous_11)
FN:117,(anonymous_12)
FN:155,(anonymous_13)
FN:213,(anonymous_14)
FN:278,(anonymous_15)
FN:283,(anonymous_16)
FNF:17
FNH:9
FNDA:16,(anonymous_0)
FNDA:8,(anonymous_1)
FNDA:0,(anonymous_2)
FNDA:8,(anonymous_3)
FNDA:2,(anonymous_4)
FNDA:2,(anonymous_5)
FNDA:0,(anonymous_6)
FNDA:0,(anonymous_7)
FNDA:0,(anonymous_8)
FNDA:0,(anonymous_9)
FNDA:0,(anonymous_10)
FNDA:0,(anonymous_11)
FNDA:2,(anonymous_12)
FNDA:2,(anonymous_13)
FNDA:0,(anonymous_14)
FNDA:112,(anonymous_15)
FNDA:2,(anonymous_16)
DA:15,2
DA:16,16
DA:19,16
DA:30,16
DA:31,16
DA:32,16
DA:37,16
DA:40,8
DA:42,8
DA:45,0
DA:46,0
DA:51,8
DA:61,16
DA:62,2
DA:65,0
DA:73,16
DA:74,0
DA:75,0
DA:77,0
DA:78,0
DA:79,0
DA:83,0
DA:84,0
DA:85,0
DA:88,0
DA:94,0
DA:95,0
DA:96,0
DA:98,0
DA:99,0
DA:106,16
DA:107,0
DA:111,0
DA:117,16
DA:118,2
DA:119,0
DA:120,0
DA:122,2
DA:123,0
DA:124,0
DA:126,2
DA:127,0
DA:128,0
DA:132,2
DA:134,0
DA:135,0
DA:136,0
DA:137,0
DA:141,2
DA:142,0
DA:143,0
DA:145,2
DA:146,0
DA:147,0
DA:149,2
DA:155,16
DA:156,2
DA:157,2
DA:160,2
DA:161,0
DA:164,2
DA:166,2
DA:168,2
DA:169,2
DA:170,2
DA:171,2
DA:172,2
DA:175,2
DA:176,2
DA:177,0
DA:179,2
DA:182,2
DA:183,0
DA:187,2
DA:193,2
DA:195,2
DA:197,0
DA:200,0
DA:201,0
DA:206,2
DA:213,16
DA:214,0
DA:217,16
DA:279,112
DA:283,2
LF:85
LH:45
BRDA:42,0,0,0
BRDA:42,0,1,8
BRDA:64,1,0,0
BRDA:64,1,1,2
BRDA:75,2,0,0
BRDA:75,2,1,0
BRDA:77,3,0,0
BRDA:77,3,1,0
BRDA:83,4,0,0
BRDA:83,4,1,0
BRDA:118,5,0,0
BRDA:118,5,1,2
BRDA:122,6,0,0
BRDA:122,6,1,2
BRDA:126,7,0,0
BRDA:126,7,1,2
BRDA:126,8,0,2
BRDA:126,8,1,0
BRDA:132,9,0,0
BRDA:132,9,1,2
BRDA:135,10,0,0
BRDA:135,10,1,0
BRDA:141,11,0,0
BRDA:141,11,1,2
BRDA:145,12,0,0
BRDA:145,12,1,2
BRDA:160,13,0,0
BRDA:160,13,1,2
BRDA:176,14,0,0
BRDA:176,14,1,2
BRDA:182,15,0,0
BRDA:182,15,1,2
BRDA:193,16,0,2
BRDA:193,16,1,0
BRDA:202,17,0,0
BRDA:202,17,1,0
BRDA:228,18,0,16
BRDA:228,18,1,0
BRDA:353,19,0,16
BRDA:353,19,1,0
BRDA:399,20,0,2
BRDA:399,20,1,14
BRF:42
BRH:17
end_of_record
TN:
SF:client/src/pages/HomePage.tsx
FN:15,(anonymous_0)
FN:23,(anonymous_1)
FN:27,(anonymous_2)
FN:49,(anonymous_3)
FN:63,(anonymous_4)
FN:123,(anonymous_5)
FN:145,(anonymous_6)
FNF:7
FNH:0
FNDA:0,(anonymous_0)
FNDA:0,(anonymous_1)
FNDA:0,(anonymous_2)
FNDA:0,(anonymous_3)
FNDA:0,(anonymous_4)
FNDA:0,(anonymous_5)
FNDA:0,(anonymous_6)
DA:15,0
DA:16,0
DA:17,0
DA:18,0
DA:23,0
DA:24,0
DA:27,0
DA:28,0
DA:29,0
DA:30,0
DA:31,0
DA:33,0
DA:34,0
DA:36,0
DA:39,0
DA:40,0
DA:42,0
DA:49,0
DA:50,0
DA:51,0
DA:63,0
DA:64,0
DA:65,0
DA:66,0
DA:68,0
DA:69,0
DA:72,0
DA:124,0
DA:125,0
DA:146,0
LF:30
LH:0
BRDA:33,0,0,0
BRDA:33,0,1,0
BRDA:65,1,0,0
BRDA:65,1,1,0
BRDA:91,2,0,0
BRDA:91,2,1,0
BRDA:99,3,0,0
BRDA:99,3,1,0
BRDA:109,4,0,0
BRDA:109,4,1,0
BRDA:109,4,2,0
BRDA:109,4,3,0
BRDA:121,5,0,0
BRDA:121,5,1,0
BRDA:121,5,2,0
BRDA:121,5,3,0
BRDA:166,6,0,0
BRDA:166,6,1,0
BRF:18
BRH:0
end_of_record
TN:
SF:client/src/types/index.ts
FNF:0
FNH:0
DA:34,2
LF:1
LH:1
BRF:0
BRH:0
end_of_record
